# JRE version: Java(TM) SE Runtime Environment (17.0.10+11) (build 17.0.10+11-LTS-240)
# Java VM: Java HotSpot(TM) 64-Bit Server VM (17.0.10+11-LTS-240, mixed mode, emulated-client, sharing, tiered, compressed oops, compressed class ptrs, g1 gc, windows-amd64)
GC Precious Log:
 CPUs: 8 total, 8 available
 Memory: 16183M
 Large Page Support: Disabled
 NUMA Support: Disabled
 Compressed Oops: Enabled (Zero based)
 Heap Region Size: 2M
 Heap Min Capacity: 8M
 Heap Initial Capacity: 254M
 Heap Max Capacity: 4046M
 Pre-touch: Disabled
 Parallel Workers: 8
 Concurrent Workers: 2
 Concurrent Refinement Workers: 8
 Periodic GC: Disabled
Heap:
 garbage-first heap   total 86016K, used 55725K [0x0000000703200000, 0x0000000800000000)
  region size 2048K, 17 young (34816K), 3 survivors (6144K)
 Metaspace       used 60799K, committed 61312K, reserved 1114112K
  class space    used 8449K, committed 8704K, reserved 1048576K
GC Heap History (20 events):
Event: 0.373 GC heap before
{Heap before GC invocations=0 (full 0):
 garbage-first heap   total 260096K, used 20480K [0x0000000703200000, 0x0000000800000000)
  region size 2048K, 11 young (22528K), 0 survivors (0K)
 Metaspace       used 4764K, committed 4928K, reserved 1114112K
  class space    used 632K, committed 704K, reserved 1048576K
}
Event: 0.377 GC heap after
{Heap after GC invocations=1 (full 0):
 garbage-first heap   total 260096K, used 6847K [0x0000000703200000, 0x0000000800000000)
  region size 2048K, 2 young (4096K), 2 survivors (4096K)
 Metaspace       used 4764K, committed 4928K, reserved 1114112K
  class space    used 632K, committed 704K, reserved 1048576K
}
Event: 0.629 GC heap before
{Heap before GC invocations=1 (full 0):
 garbage-first heap   total 260096K, used 31423K [0x0000000703200000, 0x0000000800000000)
  region size 2048K, 14 young (28672K), 2 survivors (4096K)
 Metaspace       used 9857K, committed 10176K, reserved 1114112K
  class space    used 1325K, committed 1472K, reserved 1048576K
}
Event: 0.632 GC heap after
{Heap after GC invocations=2 (full 0):
 garbage-first heap   total 260096K, used 9676K [0x0000000703200000, 0x0000000800000000)
  region size 2048K, 2 young (4096K), 2 survivors (4096K)
 Metaspace       used 9857K, committed 10176K, reserved 1114112K
  class space    used 1325K, committed 1472K, reserved 1048576K
}
Event: 1.526 GC heap before
{Heap before GC invocations=2 (full 0):
 garbage-first heap   total 260096K, used 97740K [0x0000000703200000, 0x0000000800000000)
  region size 2048K, 46 young (94208K), 2 survivors (4096K)
 Metaspace       used 21133K, committed 21504K, reserved 1114112K
  class space    used 2921K, committed 3072K, reserved 1048576K
}
Event: 1.532 GC heap after
{Heap after GC invocations=3 (full 0):
 garbage-first heap   total 260096K, used 16041K [0x0000000703200000, 0x0000000800000000)
  region size 2048K, 5 young (10240K), 5 survivors (10240K)
 Metaspace       used 21133K, committed 21504K, reserved 1114112K
  class space    used 2921K, committed 3072K, reserved 1048576K
}
Event: 1.847 GC heap before
{Heap before GC invocations=4 (full 0):
 garbage-first heap   total 69632K, used 46761K [0x0000000703200000, 0x0000000800000000)
  region size 2048K, 20 young (40960K), 5 survivors (10240K)
 Metaspace       used 25432K, committed 25792K, reserved 1114112K
  class space    used 3557K, committed 3712K, reserved 1048576K
}
Event: 1.856 GC heap after
{Heap after GC invocations=5 (full 0):
 garbage-first heap   total 69632K, used 18447K [0x0000000703200000, 0x0000000800000000)
  region size 2048K, 2 young (4096K), 2 survivors (4096K)
 Metaspace       used 25432K, committed 25792K, reserved 1114112K
  class space    used 3557K, committed 3712K, reserved 1048576K
}
Event: 2.237 GC heap before
{Heap before GC invocations=5 (full 0):
 garbage-first heap   total 69632K, used 45071K [0x0000000703200000, 0x0000000800000000)
  region size 2048K, 15 young (30720K), 2 survivors (4096K)
 Metaspace       used 30454K, committed 30912K, reserved 1114112K
  class space    used 4175K, committed 4416K, reserved 1048576K
}
Event: 2.243 GC heap after
{Heap after GC invocations=6 (full 0):
 garbage-first heap   total 69632K, used 19735K [0x0000000703200000, 0x0000000800000000)
  region size 2048K, 2 young (4096K), 2 survivors (4096K)
 Metaspace       used 30454K, committed 30912K, reserved 1114112K
  class space    used 4175K, committed 4416K, reserved 1048576K
}
Event: 2.504 GC heap before
{Heap before GC invocations=6 (full 0):
 garbage-first heap   total 69632K, used 42263K [0x0000000703200000, 0x0000000800000000)
  region size 2048K, 14 young (28672K), 2 survivors (4096K)
 Metaspace       used 35663K, committed 36096K, reserved 1114112K
  class space    used 4818K, committed 4992K, reserved 1048576K
}
Event: 2.508 GC heap after
{Heap after GC invocations=7 (full 0):
 garbage-first heap   total 86016K, used 21918K [0x0000000703200000, 0x0000000800000000)
  region size 2048K, 2 young (4096K), 2 survivors (4096K)
 Metaspace       used 35663K, committed 36096K, reserved 1114112K
  class space    used 4818K, committed 4992K, reserved 1048576K
}
Event: 3.016 GC heap before
{Heap before GC invocations=8 (full 0):
 garbage-first heap   total 86016K, used 60830K [0x0000000703200000, 0x0000000800000000)
  region size 2048K, 21 young (43008K), 2 survivors (4096K)
 Metaspace       used 44256K, committed 44672K, reserved 1114112K
  class space    used 6144K, committed 6336K, reserved 1048576K
}
Event: 3.021 GC heap after
{Heap after GC invocations=9 (full 0):
 garbage-first heap   total 86016K, used 24116K [0x0000000703200000, 0x0000000800000000)
  region size 2048K, 3 young (6144K), 3 survivors (6144K)
 Metaspace       used 44256K, committed 44672K, reserved 1114112K
  class space    used 6144K, committed 6336K, reserved 1048576K
}
Event: 3.374 GC heap before
{Heap before GC invocations=10 (full 0):
 garbage-first heap   total 86016K, used 58932K [0x0000000703200000, 0x0000000800000000)
  region size 2048K, 21 young (43008K), 3 survivors (6144K)
 Metaspace       used 51096K, committed 51520K, reserved 1114112K
  class space    used 7177K, committed 7360K, reserved 1048576K
}
Event: 3.379 GC heap after
{Heap after GC invocations=11 (full 0):
 garbage-first heap   total 86016K, used 26166K [0x0000000703200000, 0x0000000800000000)
  region size 2048K, 3 young (6144K), 3 survivors (6144K)
 Metaspace       used 51096K, committed 51520K, reserved 1114112K
  class space    used 7177K, committed 7360K, reserved 1048576K
}
Event: 3.657 GC heap before
{Heap before GC invocations=11 (full 0):
 garbage-first heap   total 86016K, used 60982K [0x0000000703200000, 0x0000000800000000)
  region size 2048K, 20 young (40960K), 3 survivors (6144K)
 Metaspace       used 52988K, committed 53440K, reserved 1114112K
  class space    used 7446K, committed 7680K, reserved 1048576K
}
Event: 3.662 GC heap after
{Heap after GC invocations=12 (full 0):
 garbage-first heap   total 86016K, used 28768K [0x0000000703200000, 0x0000000800000000)
  region size 2048K, 3 young (6144K), 3 survivors (6144K)
 Metaspace       used 52988K, committed 53440K, reserved 1114112K
  class space    used 7446K, committed 7680K, reserved 1048576K
}
Event: 3.950 GC heap before
{Heap before GC invocations=12 (full 0):
 garbage-first heap   total 86016K, used 63584K [0x0000000703200000, 0x0000000800000000)
  region size 2048K, 20 young (40960K), 3 survivors (6144K)
 Metaspace       used 54572K, committed 55104K, reserved 1114112K
  class space    used 7681K, committed 7936K, reserved 1048576K
}
Event: 3.955 GC heap after
{Heap after GC invocations=13 (full 0):
 garbage-first heap   total 86016K, used 31149K [0x0000000703200000, 0x0000000800000000)
  region size 2048K, 3 young (6144K), 3 survivors (6144K)
 Metaspace       used 54572K, committed 55104K, reserved 1114112K
  class space    used 7681K, committed 7936K, reserved 1048576K
}

