# JRE version: Java(TM) SE Runtime Environment (17.0.10+11) (build 17.0.10+11-LTS-240)
# Java VM: Java HotSpot(TM) 64-Bit Server VM (17.0.10+11-LTS-240, mixed mode, emulated-client, sharing, tiered, compressed oops, compressed class ptrs, g1 gc, windows-amd64)
GC Precious Log:
 CPUs: 8 total, 8 available
 Memory: 16183M
 Large Page Support: Disabled
 NUMA Support: Disabled
 Compressed Oops: Enabled (Zero based)
 Heap Region Size: 2M
 Heap Min Capacity: 8M
 Heap Initial Capacity: 254M
 Heap Max Capacity: 4046M
 Pre-touch: Disabled
 Parallel Workers: 8
 Concurrent Workers: 2
 Concurrent Refinement Workers: 8
 Periodic GC: Disabled
Heap:
 garbage-first heap   total 112640K, used 47124K [0x0000000703200000, 0x0000000800000000)
  region size 2048K, 13 young (26624K), 3 survivors (6144K)
 Metaspace       used 60456K, committed 60992K, reserved 1114112K
  class space    used 8420K, committed 8640K, reserved 1048576K
GC Heap History (20 events):
Event: 1.507 GC heap before
{Heap before GC invocations=2 (full 0):
 garbage-first heap   total 260096K, used 96850K [0x0000000703200000, 0x0000000800000000)
  region size 2048K, 46 young (94208K), 2 survivors (4096K)
 Metaspace       used 21126K, committed 21504K, reserved 1114112K
  class space    used 2921K, committed 3136K, reserved 1048576K
}
Event: 1.513 GC heap after
{Heap after GC invocations=3 (full 0):
 garbage-first heap   total 260096K, used 15245K [0x0000000703200000, 0x0000000800000000)
  region size 2048K, 5 young (10240K), 5 survivors (10240K)
 Metaspace       used 21126K, committed 21504K, reserved 1114112K
  class space    used 2921K, committed 3136K, reserved 1048576K
}
Event: 1.866 GC heap before
{Heap before GC invocations=4 (full 0):
 garbage-first heap   total 69632K, used 45965K [0x0000000703200000, 0x0000000800000000)
  region size 2048K, 20 young (40960K), 5 survivors (10240K)
 Metaspace       used 25430K, committed 25792K, reserved 1114112K
  class space    used 3556K, committed 3712K, reserved 1048576K
}
Event: 1.875 GC heap after
{Heap after GC invocations=5 (full 0):
 garbage-first heap   total 69632K, used 18020K [0x0000000703200000, 0x0000000800000000)
  region size 2048K, 2 young (4096K), 2 survivors (4096K)
 Metaspace       used 25430K, committed 25792K, reserved 1114112K
  class space    used 3556K, committed 3712K, reserved 1048576K
}
Event: 1.935 GC heap before
{Heap before GC invocations=5 (full 0):
 garbage-first heap   total 69632K, used 18020K [0x0000000703200000, 0x0000000800000000)
  region size 2048K, 3 young (6144K), 2 survivors (4096K)
 Metaspace       used 26052K, committed 26432K, reserved 1114112K
  class space    used 3640K, committed 3840K, reserved 1048576K
}
Event: 1.939 GC heap after
{Heap after GC invocations=6 (full 0):
 garbage-first heap   total 69632K, used 18228K [0x0000000703200000, 0x0000000800000000)
  region size 2048K, 1 young (2048K), 1 survivors (2048K)
 Metaspace       used 26052K, committed 26432K, reserved 1114112K
  class space    used 3640K, committed 3840K, reserved 1048576K
}
Event: 2.327 GC heap before
{Heap before GC invocations=6 (full 0):
 garbage-first heap   total 69632K, used 44852K [0x0000000703200000, 0x0000000800000000)
  region size 2048K, 14 young (28672K), 1 survivors (2048K)
 Metaspace       used 30764K, committed 31232K, reserved 1114112K
  class space    used 4224K, committed 4480K, reserved 1048576K
}
Event: 2.330 GC heap after
{Heap after GC invocations=7 (full 0):
 garbage-first heap   total 94208K, used 19702K [0x0000000703200000, 0x0000000800000000)
  region size 2048K, 2 young (4096K), 2 survivors (4096K)
 Metaspace       used 30764K, committed 31232K, reserved 1114112K
  class space    used 4224K, committed 4480K, reserved 1048576K
}
Event: 2.566 GC heap before
{Heap before GC invocations=7 (full 0):
 garbage-first heap   total 94208K, used 40182K [0x0000000703200000, 0x0000000800000000)
  region size 2048K, 13 young (26624K), 2 survivors (4096K)
 Metaspace       used 35607K, committed 35968K, reserved 1114112K
  class space    used 4806K, committed 4992K, reserved 1048576K
}
Event: 2.569 GC heap after
{Heap after GC invocations=8 (full 0):
 garbage-first heap   total 94208K, used 21602K [0x0000000703200000, 0x0000000800000000)
  region size 2048K, 2 young (4096K), 2 survivors (4096K)
 Metaspace       used 35607K, committed 35968K, reserved 1114112K
  class space    used 4806K, committed 4992K, reserved 1048576K
}
Event: 3.233 GC heap before
{Heap before GC invocations=9 (full 0):
 garbage-first heap   total 81920K, used 66658K [0x0000000703200000, 0x0000000800000000)
  region size 2048K, 24 young (49152K), 2 survivors (4096K)
 Metaspace       used 45568K, committed 46016K, reserved 1114112K
  class space    used 6338K, committed 6528K, reserved 1048576K
}
Event: 3.238 GC heap after
{Heap after GC invocations=10 (full 0):
 garbage-first heap   total 81920K, used 24105K [0x0000000703200000, 0x0000000800000000)
  region size 2048K, 3 young (6144K), 3 survivors (6144K)
 Metaspace       used 45568K, committed 46016K, reserved 1114112K
  class space    used 6338K, committed 6528K, reserved 1048576K
}
Event: 3.264 GC heap before
{Heap before GC invocations=10 (full 0):
 garbage-first heap   total 81920K, used 26153K [0x0000000703200000, 0x0000000800000000)
  region size 2048K, 4 young (8192K), 3 survivors (6144K)
 Metaspace       used 46171K, committed 46656K, reserved 1114112K
  class space    used 6425K, committed 6656K, reserved 1048576K
}
Event: 3.268 GC heap after
{Heap after GC invocations=11 (full 0):
 garbage-first heap   total 81920K, used 24005K [0x0000000703200000, 0x0000000800000000)
  region size 2048K, 1 young (2048K), 1 survivors (2048K)
 Metaspace       used 46171K, committed 46656K, reserved 1114112K
  class space    used 6425K, committed 6656K, reserved 1048576K
}
Event: 3.655 GC heap before
{Heap before GC invocations=11 (full 0):
 garbage-first heap   total 81920K, used 60869K [0x0000000703200000, 0x0000000800000000)
  region size 2048K, 19 young (38912K), 1 survivors (2048K)
 Metaspace       used 51616K, committed 52032K, reserved 1114112K
  class space    used 7241K, committed 7424K, reserved 1048576K
}
Event: 3.657 GC heap after
{Heap after GC invocations=12 (full 0):
 garbage-first heap   total 81920K, used 25505K [0x0000000703200000, 0x0000000800000000)
  region size 2048K, 2 young (4096K), 2 survivors (4096K)
 Metaspace       used 51616K, committed 52032K, reserved 1114112K
  class space    used 7241K, committed 7424K, reserved 1048576K
}
Event: 3.938 GC heap before
{Heap before GC invocations=13 (full 0):
 garbage-first heap   total 81920K, used 60321K [0x0000000703200000, 0x0000000800000000)
  region size 2048K, 19 young (38912K), 2 survivors (4096K)
 Metaspace       used 53116K, committed 53568K, reserved 1114112K
  class space    used 7494K, committed 7680K, reserved 1048576K
}
Event: 3.942 GC heap after
{Heap after GC invocations=14 (full 0):
 garbage-first heap   total 81920K, used 27906K [0x0000000703200000, 0x0000000800000000)
  region size 2048K, 3 young (6144K), 3 survivors (6144K)
 Metaspace       used 53116K, committed 53568K, reserved 1114112K
  class space    used 7494K, committed 7680K, reserved 1048576K
}
Event: 4.299 GC heap before
{Heap before GC invocations=14 (full 0):
 garbage-first heap   total 81920K, used 60674K [0x0000000703200000, 0x0000000800000000)
  region size 2048K, 20 young (40960K), 3 survivors (6144K)
 Metaspace       used 55296K, committed 55808K, reserved 1114112K
  class space    used 7809K, committed 8064K, reserved 1048576K
}
Event: 4.303 GC heap after
{Heap after GC invocations=15 (full 0):
 garbage-first heap   total 112640K, used 30740K [0x0000000703200000, 0x0000000800000000)
  region size 2048K, 3 young (6144K), 3 survivors (6144K)
 Metaspace       used 55296K, committed 55808K, reserved 1114112K
  class space    used 7809K, committed 8064K, reserved 1048576K
}

