# JRE version: Java(TM) SE Runtime Environment (17.0.10+11) (build 17.0.10+11-LTS-240)
# Java VM: Java HotSpot(TM) 64-Bit Server VM (17.0.10+11-LTS-240, mixed mode, emulated-client, sharing, tiered, compressed oops, compressed class ptrs, g1 gc, windows-amd64)
GC Precious Log:
 CPUs: 8 total, 8 available
 Memory: 16183M
 Large Page Support: Disabled
 NUMA Support: Disabled
 Compressed Oops: Enabled (Zero based)
 Heap Region Size: 2M
 Heap Min Capacity: 8M
 Heap Initial Capacity: 254M
 Heap Max Capacity: 4046M
 Pre-touch: Disabled
 Parallel Workers: 8
 Concurrent Workers: 2
 Concurrent Refinement Workers: 8
 Periodic GC: Disabled
Heap:
 garbage-first heap   total 102400K, used 53340K [0x0000000703200000, 0x0000000800000000)
  region size 2048K, 15 young (30720K), 3 survivors (6144K)
 Metaspace       used 60413K, committed 60928K, reserved 1114112K
  class space    used 8415K, committed 8640K, reserved 1048576K
GC Heap History (20 events):
Event: 1.599 GC heap before
{Heap before GC invocations=2 (full 0):
 garbage-first heap   total 260096K, used 96980K [0x0000000703200000, 0x0000000800000000)
  region size 2048K, 46 young (94208K), 2 survivors (4096K)
 Metaspace       used 21133K, committed 21504K, reserved 1114112K
  class space    used 2921K, committed 3072K, reserved 1048576K
}
Event: 1.605 GC heap after
{Heap after GC invocations=3 (full 0):
 garbage-first heap   total 260096K, used 15172K [0x0000000703200000, 0x0000000800000000)
  region size 2048K, 5 young (10240K), 5 survivors (10240K)
 Metaspace       used 21133K, committed 21504K, reserved 1114112K
  class space    used 2921K, committed 3072K, reserved 1048576K
}
Event: 2.016 GC heap before
{Heap before GC invocations=4 (full 0):
 garbage-first heap   total 69632K, used 45892K [0x0000000703200000, 0x0000000800000000)
  region size 2048K, 20 young (40960K), 5 survivors (10240K)
 Metaspace       used 25432K, committed 25792K, reserved 1114112K
  class space    used 3557K, committed 3712K, reserved 1048576K
}
Event: 2.024 GC heap after
{Heap after GC invocations=5 (full 0):
 garbage-first heap   total 69632K, used 18032K [0x0000000703200000, 0x0000000800000000)
  region size 2048K, 2 young (4096K), 2 survivors (4096K)
 Metaspace       used 25432K, committed 25792K, reserved 1114112K
  class space    used 3557K, committed 3712K, reserved 1048576K
}
Event: 2.091 GC heap before
{Heap before GC invocations=5 (full 0):
 garbage-first heap   total 69632K, used 20080K [0x0000000703200000, 0x0000000800000000)
  region size 2048K, 3 young (6144K), 2 survivors (4096K)
 Metaspace       used 26008K, committed 26432K, reserved 1114112K
  class space    used 3630K, committed 3840K, reserved 1048576K
}
Event: 2.094 GC heap after
{Heap after GC invocations=6 (full 0):
 garbage-first heap   total 69632K, used 17834K [0x0000000703200000, 0x0000000800000000)
  region size 2048K, 1 young (2048K), 1 survivors (2048K)
 Metaspace       used 26008K, committed 26432K, reserved 1114112K
  class space    used 3630K, committed 3840K, reserved 1048576K
}
Event: 2.498 GC heap before
{Heap before GC invocations=6 (full 0):
 garbage-first heap   total 69632K, used 44458K [0x0000000703200000, 0x0000000800000000)
  region size 2048K, 14 young (28672K), 1 survivors (2048K)
 Metaspace       used 30713K, committed 31168K, reserved 1114112K
  class space    used 4213K, committed 4416K, reserved 1048576K
}
Event: 2.503 GC heap after
{Heap after GC invocations=7 (full 0):
 garbage-first heap   total 86016K, used 19237K [0x0000000703200000, 0x0000000800000000)
  region size 2048K, 1 young (2048K), 1 survivors (2048K)
 Metaspace       used 30713K, committed 31168K, reserved 1114112K
  class space    used 4213K, committed 4416K, reserved 1048576K
}
Event: 2.759 GC heap before
{Heap before GC invocations=7 (full 0):
 garbage-first heap   total 86016K, used 39717K [0x0000000703200000, 0x0000000800000000)
  region size 2048K, 12 young (24576K), 1 survivors (2048K)
 Metaspace       used 35543K, committed 35968K, reserved 1114112K
  class space    used 4805K, committed 4992K, reserved 1048576K
}
Event: 2.762 GC heap after
{Heap after GC invocations=8 (full 0):
 garbage-first heap   total 86016K, used 21267K [0x0000000703200000, 0x0000000800000000)
  region size 2048K, 2 young (4096K), 2 survivors (4096K)
 Metaspace       used 35543K, committed 35968K, reserved 1114112K
  class space    used 4805K, committed 4992K, reserved 1048576K
}
Event: 3.475 GC heap before
{Heap before GC invocations=9 (full 0):
 garbage-first heap   total 81920K, used 64275K [0x0000000703200000, 0x0000000800000000)
  region size 2048K, 23 young (47104K), 2 survivors (4096K)
 Metaspace       used 45175K, committed 45632K, reserved 1114112K
  class space    used 6259K, committed 6464K, reserved 1048576K
}
Event: 3.478 GC heap after
{Heap after GC invocations=10 (full 0):
 garbage-first heap   total 81920K, used 23678K [0x0000000703200000, 0x0000000800000000)
  region size 2048K, 3 young (6144K), 3 survivors (6144K)
 Metaspace       used 45175K, committed 45632K, reserved 1114112K
  class space    used 6259K, committed 6464K, reserved 1048576K
}
Event: 3.513 GC heap before
{Heap before GC invocations=10 (full 0):
 garbage-first heap   total 81920K, used 25726K [0x0000000703200000, 0x0000000800000000)
  region size 2048K, 4 young (8192K), 3 survivors (6144K)
 Metaspace       used 45604K, committed 46016K, reserved 1114112K
  class space    used 6350K, committed 6528K, reserved 1048576K
}
Event: 3.516 GC heap after
{Heap after GC invocations=11 (full 0):
 garbage-first heap   total 81920K, used 23714K [0x0000000703200000, 0x0000000800000000)
  region size 2048K, 1 young (2048K), 1 survivors (2048K)
 Metaspace       used 45604K, committed 46016K, reserved 1114112K
  class space    used 6350K, committed 6528K, reserved 1048576K
}
Event: 4.007 GC heap before
{Heap before GC invocations=11 (full 0):
 garbage-first heap   total 81920K, used 60578K [0x0000000703200000, 0x0000000800000000)
  region size 2048K, 19 young (38912K), 1 survivors (2048K)
 Metaspace       used 51367K, committed 51840K, reserved 1114112K
  class space    used 7214K, committed 7424K, reserved 1048576K
}
Event: 4.010 GC heap after
{Heap after GC invocations=12 (full 0):
 garbage-first heap   total 81920K, used 25372K [0x0000000703200000, 0x0000000800000000)
  region size 2048K, 2 young (4096K), 2 survivors (4096K)
 Metaspace       used 51367K, committed 51840K, reserved 1114112K
  class space    used 7214K, committed 7424K, reserved 1048576K
}
Event: 4.298 GC heap before
{Heap before GC invocations=13 (full 0):
 garbage-first heap   total 81920K, used 60188K [0x0000000703200000, 0x0000000800000000)
  region size 2048K, 19 young (38912K), 2 survivors (4096K)
 Metaspace       used 53058K, committed 53568K, reserved 1114112K
  class space    used 7483K, committed 7744K, reserved 1048576K
}
Event: 4.301 GC heap after
{Heap after GC invocations=14 (full 0):
 garbage-first heap   total 81920K, used 27796K [0x0000000703200000, 0x0000000800000000)
  region size 2048K, 3 young (6144K), 3 survivors (6144K)
 Metaspace       used 53058K, committed 53568K, reserved 1114112K
  class space    used 7483K, committed 7744K, reserved 1048576K
}
Event: 4.605 GC heap before
{Heap before GC invocations=14 (full 0):
 garbage-first heap   total 81920K, used 60564K [0x0000000703200000, 0x0000000800000000)
  region size 2048K, 20 young (40960K), 3 survivors (6144K)
 Metaspace       used 55221K, committed 55808K, reserved 1114112K
  class space    used 7799K, committed 8064K, reserved 1048576K
}
Event: 4.609 GC heap after
{Heap after GC invocations=15 (full 0):
 garbage-first heap   total 102400K, used 30812K [0x0000000703200000, 0x0000000800000000)
  region size 2048K, 3 young (6144K), 3 survivors (6144K)
 Metaspace       used 55221K, committed 55808K, reserved 1114112K
  class space    used 7799K, committed 8064K, reserved 1048576K
}

